Loading required package: maotai
**-----------------------------------------------------------------**
** maotai
**  - Tools for Matrix Algebra, Optimization and Inference Problems
**
** Version    : 0.2.6      (2026)
** Maintainer : Kisung You (kisung.you@outlook.com)
** Website    : https://www.kisungyou.com/maotai
**
** Please share any bugs or suggestions to the maintainer.
**-----------------------------------------------------------------**
Loading required package: mcclust
Loading required package: lpSolve
Loading required package: parallel
Evaluating k = 10
Evaluating k = 11
Evaluating k = 12
Evaluating k = 13
Evaluating k = 14
Evaluating k = 15
Evaluating k = 16
Evaluating k = 17
Evaluating k = 18
Evaluating k = 19
Evaluating k = 20
Evaluating k = 21
Evaluating k = 22
Evaluating k = 23
Evaluating k = 24
Evaluating k = 25
Evaluating k = 26
Evaluating k = 27
Evaluating k = 28
Evaluating k = 29
Evaluating k = 30
=====================================================================
Stability estimates: 
       10        11        12        13        14        15        16        17 
0.7736060 0.8047807 0.7507877 0.7704267 0.7803677 0.8049566 0.7989761 0.7717264 
       18        19        20        21        22        23        24        25 
0.8033835 0.7821648 0.7929791 0.7814319 0.8022080 0.7770630 0.7750441 0.7736917 
       26        27        28        29        30 
0.7940936 0.7971073 0.7980810 0.7978643 0.7912900 
=====================================================================
Fitting 15 cluters to the full sample...
