Loading required package: foreach
Loading required package: rngtools

=====================================================================
Dataset: GENR
Array: 450K
Time point: birth
Normalization: funcnorm
=====================================================================

Loading methylation data...
 * Original dimentions:
[1] 485512   1382
 * Retaining: 405015 CpGs.
 * Plates:
batch
 1 10 11 12 13 14 15 16 17 18 19  2 20 21 22 23 24 25 26 27 28  3  4  5  6  7 
89 94 28 32 23 28 34 29 18 24 36 91 34 36  5 33 24 33  5  5 59 76 91 90 86 95 
 8  9 
92 92 
Generate output methylation matrix...
Warning message:
In remove_and_generate(corrected_desc) :
   * "~/MPSR/data/GENR_450K_birth_funcnorm_clean.desc" already exists, removing it.
Running analysis...
NULL

Checking batch correction...
[1] 485512   1382
[1] 405015   1382
[1] "cg15440158" "cg20308684" "cg10392378"
Pre-post correction correlations (sample n = 1000):
   Min. 1st Qu.  Median    Mean 3rd Qu.    Max. 
 0.3951  0.7671  0.8630  0.8396  0.9262  0.9911 

Loading required package: foreach
Loading required package: rngtools

=====================================================================
Dataset: GENR
Array: EPIC
Time point: birth
Normalization: funcnorm
=====================================================================

Loading methylation data...
 * Original dimentions:
[1] 864974   1115
 * Retaining: 405015 CpGs.
 * Plates:
batch
 1 10 11 12  2  3  4  5  6  7  8  9 
95 96 94 79 87 95 94 95 95 95 95 95 
Generate output methylation matrix...
Generate output methylation matrix...
Warning message:
In remove_and_generate(corrected_desc) :
   * "~/MPSR/data/GENR_EPIC_birth_funcnorm_clean.desc" already exists, removing it.
Running analysis...
NULL

Checking batch correction...
[1] 864974   1115
[1] 405015   1115
[1] "cg15440158" "cg20308684" "cg10392378"
Pre-post correction correlations (sample n = 1000):
   Min. 1st Qu.  Median    Mean 3rd Qu.    Max. 
 0.6467  0.9423  0.9712  0.9537  0.9848  0.9975 
