6203 unique CpG - trait associations.Removing  392348  duplicate associationsRemoving  5969  single CpG - trait associations.234  traits to examine.Age
Tissue
Gestational age
Sex
Rheumatoid arthritis
HIV infection
Clear cell renal carcinoma
Fetal vs adult liver
Incident COPD
Smoking
...............................................................................6203 unique CpG - trait associations...................................................................................................................................................................................................................................................................................................................................Removing  392348  duplicate associations....................................................................................................................................................................................................................................................................................................................................Removing  5969  single CpG - trait associations..........................................................................................234  traits to examine............Age
Sex
..Tissue
..Gestational age
.Rheumatoid arthritis
Fetal vs adult liver
.HIV infection
.Clear cell renal carcinoma
Incident COPD
...Smoking
............................................................................................................................................................................................................................................................................................................................................................................................................................................................................................................................................................................................................................................................................................................................................................................................................................................................................................................................................................................................................................................................................................................................................................................................slurmstepd: error: *** JOB 7253 ON genb CANCELLED AT 2025-06-17T15:43:48 ***
............................................................................................................................................................................................................................................................................................................................age*sex
.................................................................................................................Primary Sjogrens syndrome
....................Type 2 Diabetes
................Ageing
............................eosinophilia
...........................Alcohol consumption
...........................................................................................................Nitrogen dioxide exposure
..........Pancreatic ductal adenocarcinoma
......................................................................................................................................................................................................................................................................................................................................................................................................................................................................................................................Age 4 vs age 0
....................................................Maternal BMI
.................................................................................................................................................................................................................................................................................................................................................................................................................................................................................................................................................................................................................................................................................................................................................................................................................................................................................................................................................................................................................................................................................................................................................................................................................................................................................................................................................................................................................................................................................................................................................................................................................Crohn's disease
.........Inflammatory bowel disease
................................................................................................................................Papuan ancestry
...........................................................................................................Prevalent Chronic Pain (Self-report)
.................Maternal smoking (pregnancy)
...........................................................................................Alzheimer's disease
..............................Alcohol consumption per day
................................................................................................................................................................................................................................................................................................................................atopy
...................................................................................................................................................................................................................................................................................................................................................................................................................................................................................Birthweight
..................................................................................................................................................................................................................................................................................................................................................................................................................................................................................Schizophrenia
...............................................................................................................................................................................................................................................................................................................................................................................................................................................................................................................................................Prevalent COPD (Self-report)
........................................................................................................................................................................................GZMA protein levels (SeqId = 3440-7)
.............................................................................................................................................................................Child abuse
..................................GZMK protein levels (SeqId = 9545-156)
............................monozygotic twinning
.......................................................Mortality
................................................................................................................................................................................................................................................................................................................................................................................................................................................................................................................................Hypertensive disorders of pregnancy
..................................................................................................................................................................................................................................................................................................................Incident Lung Cancer
.........................................................................................................................................................................................................................................................................................................................................................................................Preeclampsia
..............................................................................................................................................................................................................................................................................................................................................................................................................................................................................................................................................................................................................Ulcerative colitis
..............................................................................................................................................................................................................................................................................................................................................................Prevalent Ischemic Heart Disease (Self-report)
............................................................PRG3 protein levels (SeqId = 9015-1)
........................................................................................................................................Maternal underweight
......................................................................Aging
...........................Attention deficit hyperactivity disorder
.......................................Body mass index
.....................................................................................................................................................................................................................................................................................................................................................................................................................................................................................................................................................................................................IL2RB protein levels (SeqId = 9343-16)
..................................................................................................................................................................................................................................................................................................................................................QPCT protein levels (SeqId = 7849-3)
...............................................................................fractional exhaled nitric oxide (FeNO)
....................................................................................................................................................................................................................................................PAPPA protein levels (SeqId = 4148-49)
...........................................................................................................................................................................................................................................................................................................................................................................................................................................................................................................................................................................................................................................................................................................................................................................................................................Incident Liver Cirrhosis
...................................................................................................................................................................................................................Preterm birth
.............alcohol withdrawal recovery
..........................Prenatal phthalate exposure
.........................Cleft palate vs cleft lip
.............................................IGHM protein levels (SeqId = 3069-52)
....................................Lung function decline
................................................................................................................................................................................................................................................................................................................................................................................................................................................................................................................................................................................................Air pollution exposure
.............................................................................................................................................................................................................................................................................................................................................................................................................................................................................................................................................................................................................................................................................Fetal alcohol spectrum disorder
.............fasting glucose
........................................................................Progressive supranuclear palsy
.............................................Non-syndromic cleft lipandpalate
..........................................................................................................................................................................................................................................................................................................................................................................................................................................................................................................................................................................................................................................................................................................................................................................................................................................Pregnancy exposure to Triclosan
........................................................................................................................................................................................................................................................................................................................................cry acoustics factor 1
..........................................Prevalent Rheumatoid Arthritis (Self-report)
..........................................................................................fasting insulin
.......LTA protein levels (SeqId = 3505-6)
....................................................................................................................BMI
........................................................................................................................................................................................................................................................................................................................................................................................................................................................................................................................................................................................................................................................................................................................................................................................................................................................................................................................................................................................................................IL5RA protein levels (SeqId = 13686-2)
.............................allergic asthma
...............................M32388_dodecanedioate
.................................................FCER2 protein levels (SeqId = 3291-30)
.........Educational attainment
..........................................................................................................................................................................................................................................................................................................................................................................................................................................................................................DPEP1 protein levels (SeqId = 8794-13)
..............................................................................Downs Syndrome
...................................................................................................................................................................................................................................................................................................................................................................................................................................................................................LY9 protein levels (SeqId = 3324-51)
..........................................................................................Waist circumference
...............................................................................................................................................................................................................................................................................COVID-19 Severity (Hospitalisation)
.........................................................................................................................................................................................................................................................................................................................1-hour glucose
Warning message:
In parallel::mclapply(names(traits), function(trait) { :
  all scheduled cores encountered errors in user code
Error in results$p_value : $ operator is invalid for atomic vectors
Calls: p.adjust
Execution halted
.........................................................................................................................................................................................................................................................................................................................................................................................................................................................................................................................................................................................................................................................................................................................................................................................................................................................................................................................................................................................................................................Type 2 Diabetes
..........................................................................................................................................Primary Sjogrens syndrome
.........................................................Alcohol consumption
...................age*sex
.Pancreatic ductal adenocarcinoma
....Ageing
........................Age 4 vs age 0
.................................eosinophilia
.....Nitrogen dioxide exposure
...............................................................Maternal BMI
...................................................................................................................................................................................................................................................................................................................................................................................................................................................................................................................................................................................................................................................................................................................................................................................................................................................................................................................................................................................................................................................................................................................................................................................................................................................................................................................................................................................................................................................................................................................................................................................................................................................................................................................................................................................................Schizophrenia
.....Maternal smoking (pregnancy)
.................................................................................................................................................................................................................................................................................................................................................................................................................................................................................................................................................Crohn's disease
......................................................................................................................................................................Alzheimer's disease
....................................................Inflammatory bowel disease
.............Papuan ancestry
...Prevalent Chronic Pain (Self-report)
.....Birthweight
.....................atopy
.................................................................Alcohol consumption per day
.....................................................................................................................................................................................................................................................................................................................................................................................................................................................................................................................................................................................................................................................................................................................................Ulcerative colitis
...........................................................................................................................GZMK protein levels (SeqId = 9545-156)
............................................................................................................................................................................................................................................................................................................................................................................................................................................................................................................................................................................................................................................................................................................................................................................................................................................................................................................................................................................................................................................................................................................................................................................................................................................................................................................................................................................................................................................................................................................fractional exhaled nitric oxide (FeNO)
....................................................................................................................Prevalent COPD (Self-report)
.........................................................................................................Maternal underweight
.......................................................................Incident Lung Cancer
..GZMA protein levels (SeqId = 3440-7)
........................Preeclampsia
....monozygotic twinning
.....................Hypertensive disorders of pregnancy
........Child abuse
.................................................................................................Mortality
...............................................................................................................................................................................................................................................................................................................................................................................................................................................................................................................................................................................................................................................................................................................................................................................................................................................................................................................................................................................................................................................................................................................................................................................Cleft palate vs cleft lip
..............................................................................................................................................................................................................................................................................................................................alcohol withdrawal recovery
...........................................................................................................................................................................................................................................................................................................................................................................................................................................................................................................................................................................................................................................................................................................................................................................................................................................................................................................................................................................PRG3 protein levels (SeqId = 9015-1)
..........................................................................................................................................Prevalent Ischemic Heart Disease (Self-report)
..................QPCT protein levels (SeqId = 7849-3)
....PAPPA protein levels (SeqId = 4148-49)
........................Attention deficit hyperactivity disorder
.......................................IL2RB protein levels (SeqId = 9343-16)
.....................Aging
.............................................................Body mass index
................Prevalent Chronic Kidney Disease (Estimated)
.......................................................................................................................................................................................................................................................................................................................................................................................................................................fasting glucose
.................................................................................................................................................................................................................................................................................................................................................................................................................................................................................................................................................................................................................................................................................................................................................................................................................................................................................................................................................................................................................................................................................................................................................................................................Ischaemic stroke
..........................................................................................................................................................................................................................................................................................................................................................................................................................................................................................................................................Prevalent Rheumatoid Arthritis (Self-report)
......................................................................................................................................................................................................................................................................................................Incident Ischemic Heart Disease
...........................................................................................................................Incident Liver Cirrhosis
.........................ADHD
......Preterm birth
...............................Lung function decline
...........Air pollution exposure
................................................................Prenatal phthalate exposure
......................................................................IGHM protein levels (SeqId = 3069-52)
..............................................................................................................................................................................................................................................................................................................................................................................................................................................Maternal plasma folate
.................................................................................................................................................................................................................................................................................................................................................................................................................................................................................................................................................................................................................................M32388_dodecanedioate
........................................................................................................................................................................................................................................................................................................................................................................................................................................................................................................................................................................................................................................................................................................................................................................................................................................................................................................................................................................................................Chronic kidney disease
.................................................................................................................................................................................................................................................................................................................................................................................................CRISP2 protein levels (SeqId = 9282-12)
................................................................................................Fetal alcohol spectrum disorder
......................Braak stage
...............Arsenic exposure
..................................BMI
................Non-syndromic cleft lipandpalate
...........................................................................Pregnancy exposure to Triclosan
.........................................................................Total serum IgE
....Progressive supranuclear palsy
..........................................................................................................................................................................................................................................................................................................................................................................................................................................................................................................................................................................................................................................................................................................................................................................................................................................................................................Fetal intolerance of labor
............................................................................................................................................................................................................................................................................................................................................................................................................................................................................................................................................................................................................................................................................................................................................................................................................................................Oral or pharyngeal squamous cell carcinoma
.....................................................................................................................................................................................................................................................................................................................................................................................................................................................................................................................................................................................................................................................................................................................................Prevalent Breast Cancer (Self-report)
............................................Asthma
..................cry acoustics factor 1
...................M00054_tryptophan
.........